<html>
<body>
<pre>
<h1>Vision Build Log</h1>
<h2>Project:</h2>
C:\Users\86152\Documents\电设\原始black3\black3\black3.uvproj
Project File Date:  06/27/2025

<h2>Output:</h2>
Build target 'Target 1'
assembling STARTUP.A51...
compiling main.c...
compiling oled.c...
compiling ADC.c...
linking...
*** WARNING L16: UNCALLED SEGMENT, IGNORED FOR OVERLAY PROCESS
    SEGMENT: ?PR?START_BLACKBOX_TEST?MAIN
*** WARNING L16: UNCALLED SEGMENT, IGNORED FOR OVERLAY PROCESS
    SEGMENT: ?PR?OLED_DISPLAY_ON?OLED
*** WARNING L16: UNCALLED SEGMENT, IGNORED FOR OVERLAY PROCESS
    SEGMENT: ?PR?OLED_DISPLAY_OFF?OLED
*** WARNING L16: UNCALLED SEGMENT, IGNORED FOR OVERLAY PROCESS
    SEGMENT: ?PR?_OLED_SHOWNUM?OLED
*** WARNING L16: UNCALLED SEGMENT, IGNORED FOR OVERLAY PROCESS
    SEGMENT: ?PR?_OLED_DRAWBMP?OLED
Program Size: data=57.0 xdata=0 code=4879
creating hex file from "black3"...
"black3" - 0 Error(s), 5 Warning(s).
Driver version   : V1.19
Firmware version : V3.2
Build target 'Target 1'
assembling STARTUP.A51...
compiling main.c...
compiling oled.c...
compiling ADC.c...
linking...
*** WARNING L16: UNCALLED SEGMENT, IGNORED FOR OVERLAY PROCESS
    SEGMENT: ?PR?START_BLACKBOX_TEST?MAIN
*** WARNING L16: UNCALLED SEGMENT, IGNORED FOR OVERLAY PROCESS
    SEGMENT: ?PR?OLED_DISPLAY_ON?OLED
*** WARNING L16: UNCALLED SEGMENT, IGNORED FOR OVERLAY PROCESS
    SEGMENT: ?PR?OLED_DISPLAY_OFF?OLED
*** WARNING L16: UNCALLED SEGMENT, IGNORED FOR OVERLAY PROCESS
    SEGMENT: ?PR?_OLED_SHOWNUM?OLED
*** WARNING L16: UNCALLED SEGMENT, IGNORED FOR OVERLAY PROCESS
    SEGMENT: ?PR?_OLED_DRAWBMP?OLED
*** WARNING L16: UNCALLED SEGMENT, IGNORED FOR OVERLAY PROCESS
    SEGMENT: ?PR?_ADC_TOVOLTAGE?ADC
Program Size: data=57.0 xdata=0 code=5405
creating hex file from "black3"...
"black3" - 0 Error(s), 6 Warning(s).
Build target 'Target 1'
assembling STARTUP.A51...
compiling main.c...
MAIN.C(99): error C141: syntax error near '3.3'
MAIN.C(108): error C141: syntax error near 'delay_us'
compiling oled.c...
compiling ADC.c...
Target not created
Build target 'Target 1'
assembling STARTUP.A51...
compiling main.c...
MAIN.C(99): warning C280: 'tau': unreferenced local variable
MAIN.C(99): warning C280: 'v0': unreferenced local variable
MAIN.C(99): warning C280: 'v_inf': unreferenced local variable
MAIN.C(108): warning C206: 'delay_us': missing function-prototype
MAIN.C(108): error C267: 'delay_us': requires ANSI-style prototype
MAIN.C(111): error C202: 'ADC_CHANNEL': undefined identifier
compiling oled.c...
compiling ADC.c...
Target not created
Build target 'Target 1'
assembling STARTUP.A51...
compiling main.c...
MAIN.C(99): warning C280: 'tau': unreferenced local variable
MAIN.C(99): warning C280: 'v0': unreferenced local variable
MAIN.C(99): warning C280: 'v_inf': unreferenced local variable
MAIN.C(111): error C202: 'ADC_CHANNEL': undefined identifier
compiling oled.c...
compiling ADC.c...
Target not created
Build target 'Target 1'
assembling STARTUP.A51...
compiling main.c...
MAIN.C(99): warning C280: 'tau': unreferenced local variable
MAIN.C(99): warning C280: 'v0': unreferenced local variable
MAIN.C(99): warning C280: 'v_inf': unreferenced local variable
MAIN.C(112): warning C206: 'ADC_ToVoltage': missing function-prototype
MAIN.C(112): error C267: 'ADC_ToVoltage': requires ANSI-style prototype
compiling oled.c...
compiling ADC.c...
Target not created
Build target 'Target 1'
assembling STARTUP.A51...
compiling main.c...
MAIN.C(99): warning C280: 'tau': unreferenced local variable
MAIN.C(99): warning C280: 'v0': unreferenced local variable
MAIN.C(99): warning C280: 'v_inf': unreferenced local variable
MAIN.C(113): warning C206: 'Delay_ms': missing function-prototype
MAIN.C(113): error C267: 'Delay_ms': requires ANSI-style prototype
MAIN.C(114): error C202: 'ADC_CHANNEL': undefined identifier
MAIN.C(127): error C202: 'ADC_CHANNEL': undefined identifier
compiling oled.c...
compiling ADC.c...
Target not created
Build target 'Target 1'
assembling STARTUP.A51...
compiling main.c...
MAIN.C(99): warning C280: 'tau': unreferenced local variable
MAIN.C(99): warning C280: 'v0': unreferenced local variable
MAIN.C(99): warning C280: 'v_inf': unreferenced local variable
MAIN.C(113): warning C206: 'Delay_ms': missing function-prototype
MAIN.C(113): error C267: 'Delay_ms': requires ANSI-style prototype
compiling oled.c...
compiling ADC.c...
Target not created
Build target 'Target 1'
assembling STARTUP.A51...
compiling main.c...
MAIN.C(99): warning C280: 'tau': unreferenced local variable
MAIN.C(99): warning C280: 'v0': unreferenced local variable
MAIN.C(99): warning C280: 'v_inf': unreferenced local variable
MAIN.C(129): warning C206: 'fabs': missing function-prototype
MAIN.C(129): error C267: 'fabs': requires ANSI-style prototype
compiling oled.c...
compiling ADC.c...
Target not created
Build target 'Target 1'
assembling STARTUP.A51...
compiling main.c...
MAIN.C(100): warning C280: 'tau': unreferenced local variable
MAIN.C(100): warning C280: 'v0': unreferenced local variable
MAIN.C(100): warning C280: 'v_inf': unreferenced local variable
MAIN.C(133): warning C206: 'Get_Time_ms': missing function-prototype
MAIN.C(135): warning C209: '_box_sort': too few actual parameters
MAIN.C(136): error C141: syntax error near '}'
compiling oled.c...
compiling ADC.c...
Target not created
Build target 'Target 1'
assembling STARTUP.A51...
compiling main.c...
MAIN.C(100): warning C280: 'tau': unreferenced local variable
MAIN.C(100): warning C280: 'v0': unreferenced local variable
MAIN.C(100): warning C280: 'v_inf': unreferenced local variable
MAIN.C(133): warning C206: 'Get_Time_ms': missing function-prototype
MAIN.C(135): warning C209: '_box_sort': too few actual parameters
compiling oled.c...
compiling ADC.c...
linking...
*** WARNING L16: UNCALLED SEGMENT, IGNORED FOR OVERLAY PROCESS
    SEGMENT: ?PR?START_BLACKBOX_TEST?MAIN
*** WARNING L16: UNCALLED SEGMENT, IGNORED FOR OVERLAY PROCESS
    SEGMENT: ?PR?OLED_DISPLAY_ON?OLED
*** WARNING L16: UNCALLED SEGMENT, IGNORED FOR OVERLAY PROCESS
    SEGMENT: ?PR?OLED_DISPLAY_OFF?OLED
*** WARNING L16: UNCALLED SEGMENT, IGNORED FOR OVERLAY PROCESS
    SEGMENT: ?PR?_OLED_SHOWNUM?OLED
*** WARNING L16: UNCALLED SEGMENT, IGNORED FOR OVERLAY PROCESS
    SEGMENT: ?PR?_OLED_DRAWBMP?OLED
*** WARNING L1: UNRESOLVED EXTERNAL SYMBOL
    SYMBOL:  GET_TIME_MS
    MODULE:  main.obj (MAIN)
*** WARNING L2: REFERENCE MADE TO UNRESOLVED EXTERNAL
    SYMBOL:  GET_TIME_MS
    MODULE:  main.obj (MAIN)
    ADDRESS: 10A3H
Program Size: data=85.0 xdata=0 code=5974
creating hex file from "black3"...
"black3" - 0 Error(s), 12 Warning(s).
Build target 'Target 1'
assembling STARTUP.A51...
compiling main.c...
MAIN.C(100): warning C280: 'tau': unreferenced local variable
MAIN.C(100): warning C280: 'v0': unreferenced local variable
MAIN.C(100): warning C280: 'v_inf': unreferenced local variable
MAIN.C(133): warning C206: 'Get_Time_ms': missing function-prototype
MAIN.C(135): warning C209: '_box_sort': too few actual parameters
compiling oled.c...
compiling ADC.c...
linking...
*** WARNING L16: UNCALLED SEGMENT, IGNORED FOR OVERLAY PROCESS
    SEGMENT: ?PR?START_BLACKBOX_TEST?MAIN
*** WARNING L16: UNCALLED SEGMENT, IGNORED FOR OVERLAY PROCESS
    SEGMENT: ?PR?OLED_DISPLAY_ON?OLED
*** WARNING L16: UNCALLED SEGMENT, IGNORED FOR OVERLAY PROCESS
    SEGMENT: ?PR?OLED_DISPLAY_OFF?OLED
*** WARNING L16: UNCALLED SEGMENT, IGNORED FOR OVERLAY PROCESS
    SEGMENT: ?PR?_OLED_SHOWNUM?OLED
*** WARNING L16: UNCALLED SEGMENT, IGNORED FOR OVERLAY PROCESS
    SEGMENT: ?PR?_OLED_DRAWBMP?OLED
*** WARNING L1: UNRESOLVED EXTERNAL SYMBOL
    SYMBOL:  GET_TIME_MS
    MODULE:  main.obj (MAIN)
*** WARNING L2: REFERENCE MADE TO UNRESOLVED EXTERNAL
    SYMBOL:  GET_TIME_MS
    MODULE:  main.obj (MAIN)
    ADDRESS: 10A3H
Program Size: data=85.0 xdata=0 code=5974
creating hex file from "black3"...
"black3" - 0 Error(s), 12 Warning(s).
Build target 'Target 1'
assembling STARTUP.A51...
compiling main.c...
MAIN.C(100): warning C280: 'tau': unreferenced local variable
MAIN.C(100): warning C280: 'v0': unreferenced local variable
MAIN.C(100): warning C280: 'v_inf': unreferenced local variable
MAIN.C(133): warning C206: 'Get_Time_ms': missing function-prototype
MAIN.C(135): warning C209: '_box_sort': too few actual parameters
compiling oled.c...
compiling ADC.c...
linking...
*** WARNING L16: UNCALLED SEGMENT, IGNORED FOR OVERLAY PROCESS
    SEGMENT: ?PR?START_BLACKBOX_TEST?MAIN
*** WARNING L16: UNCALLED SEGMENT, IGNORED FOR OVERLAY PROCESS
    SEGMENT: ?PR?OLED_DISPLAY_ON?OLED
*** WARNING L16: UNCALLED SEGMENT, IGNORED FOR OVERLAY PROCESS
    SEGMENT: ?PR?OLED_DISPLAY_OFF?OLED
*** WARNING L16: UNCALLED SEGMENT, IGNORED FOR OVERLAY PROCESS
    SEGMENT: ?PR?_OLED_SHOWNUM?OLED
*** WARNING L16: UNCALLED SEGMENT, IGNORED FOR OVERLAY PROCESS
    SEGMENT: ?PR?_OLED_DRAWBMP?OLED
*** WARNING L1: UNRESOLVED EXTERNAL SYMBOL
    SYMBOL:  GET_TIME_MS
    MODULE:  main.obj (MAIN)
*** WARNING L2: REFERENCE MADE TO UNRESOLVED EXTERNAL
    SYMBOL:  GET_TIME_MS
    MODULE:  main.obj (MAIN)
    ADDRESS: 10A3H
Program Size: data=85.0 xdata=0 code=5974
creating hex file from "black3"...
"black3" - 0 Error(s), 12 Warning(s).
Build target 'Target 1'
assembling STARTUP.A51...
compiling main.c...
MAIN.C(100): warning C280: 'tau': unreferenced local variable
MAIN.C(100): warning C280: 'v0': unreferenced local variable
MAIN.C(100): warning C280: 'v_inf': unreferenced local variable
MAIN.C(133): warning C206: 'Get_Time_ms': missing function-prototype
MAIN.C(135): warning C209: '_box_sort': too few actual parameters
compiling oled.c...
compiling ADC.c...
linking...
*** WARNING L16: UNCALLED SEGMENT, IGNORED FOR OVERLAY PROCESS
    SEGMENT: ?PR?START_BLACKBOX_TEST?MAIN
*** WARNING L16: UNCALLED SEGMENT, IGNORED FOR OVERLAY PROCESS
    SEGMENT: ?PR?OLED_DISPLAY_ON?OLED
*** WARNING L16: UNCALLED SEGMENT, IGNORED FOR OVERLAY PROCESS
    SEGMENT: ?PR?OLED_DISPLAY_OFF?OLED
*** WARNING L16: UNCALLED SEGMENT, IGNORED FOR OVERLAY PROCESS
    SEGMENT: ?PR?_OLED_SHOWNUM?OLED
*** WARNING L16: UNCALLED SEGMENT, IGNORED FOR OVERLAY PROCESS
    SEGMENT: ?PR?_OLED_DRAWBMP?OLED
*** WARNING L1: UNRESOLVED EXTERNAL SYMBOL
    SYMBOL:  GET_TIME_MS
    MODULE:  main.obj (MAIN)
*** WARNING L2: REFERENCE MADE TO UNRESOLVED EXTERNAL
    SYMBOL:  GET_TIME_MS
    MODULE:  main.obj (MAIN)
    ADDRESS: 10A3H
Program Size: data=85.0 xdata=0 code=5974
creating hex file from "black3"...
"black3" - 0 Error(s), 12 Warning(s).
Build target 'Target 1'
assembling STARTUP.A51...
compiling main.c...
MAIN.C(100): warning C280: 'tau': unreferenced local variable
MAIN.C(100): warning C280: 'v0': unreferenced local variable
MAIN.C(100): warning C280: 'v_inf': unreferenced local variable
MAIN.C(133): warning C206: 'Get_Time_ms': missing function-prototype
MAIN.C(135): warning C209: '_box_sort': too few actual parameters
compiling oled.c...
compiling ADC.c...
linking...
*** WARNING L16: UNCALLED SEGMENT, IGNORED FOR OVERLAY PROCESS
    SEGMENT: ?PR?START_BLACKBOX_TEST?MAIN
*** WARNING L16: UNCALLED SEGMENT, IGNORED FOR OVERLAY PROCESS
    SEGMENT: ?PR?OLED_DISPLAY_ON?OLED
*** WARNING L16: UNCALLED SEGMENT, IGNORED FOR OVERLAY PROCESS
    SEGMENT: ?PR?OLED_DISPLAY_OFF?OLED
*** WARNING L16: UNCALLED SEGMENT, IGNORED FOR OVERLAY PROCESS
    SEGMENT: ?PR?_OLED_SHOWNUM?OLED
*** WARNING L16: UNCALLED SEGMENT, IGNORED FOR OVERLAY PROCESS
    SEGMENT: ?PR?_OLED_DRAWBMP?OLED
*** WARNING L1: UNRESOLVED EXTERNAL SYMBOL
    SYMBOL:  GET_TIME_MS
    MODULE:  main.obj (MAIN)
*** WARNING L2: REFERENCE MADE TO UNRESOLVED EXTERNAL
    SYMBOL:  GET_TIME_MS
    MODULE:  main.obj (MAIN)
    ADDRESS: 10A3H
Program Size: data=85.0 xdata=0 code=5975
creating hex file from "black3"...
"black3" - 0 Error(s), 12 Warning(s).
Build target 'Target 1'
assembling STARTUP.A51...
compiling main.c...
MAIN.C(104): warning C280: 'tau': unreferenced local variable
MAIN.C(104): warning C280: 'v0': unreferenced local variable
MAIN.C(104): warning C280: 'v_inf': unreferenced local variable
MAIN.C(139): warning C209: '_box_sort': too few actual parameters
compiling oled.c...
compiling ADC.c...
linking...
*** WARNING L16: UNCALLED SEGMENT, IGNORED FOR OVERLAY PROCESS
    SEGMENT: ?PR?START_BLACKBOX_TEST?MAIN
*** WARNING L16: UNCALLED SEGMENT, IGNORED FOR OVERLAY PROCESS
    SEGMENT: ?PR?OLED_DISPLAY_ON?OLED
*** WARNING L16: UNCALLED SEGMENT, IGNORED FOR OVERLAY PROCESS
    SEGMENT: ?PR?OLED_DISPLAY_OFF?OLED
*** WARNING L16: UNCALLED SEGMENT, IGNORED FOR OVERLAY PROCESS
    SEGMENT: ?PR?_OLED_SHOWNUM?OLED
*** WARNING L16: UNCALLED SEGMENT, IGNORED FOR OVERLAY PROCESS
    SEGMENT: ?PR?_OLED_DRAWBMP?OLED
Program Size: data=85.0 xdata=0 code=5992
creating hex file from "black3"...
"black3" - 0 Error(s), 9 Warning(s).
Build target 'Target 1'
assembling STARTUP.A51...
compiling main.c...
MAIN.C(104): warning C280: 'tau': unreferenced local variable
MAIN.C(104): warning C280: 'v0': unreferenced local variable
MAIN.C(104): warning C280: 'v_inf': unreferenced local variable
MAIN.C(139): warning C209: '_box_sort': too few actual parameters
compiling oled.c...
compiling ADC.c...
linking...
*** WARNING L16: UNCALLED SEGMENT, IGNORED FOR OVERLAY PROCESS
    SEGMENT: ?PR?START_BLACKBOX_TEST?MAIN
*** WARNING L16: UNCALLED SEGMENT, IGNORED FOR OVERLAY PROCESS
    SEGMENT: ?PR?OLED_DISPLAY_ON?OLED
*** WARNING L16: UNCALLED SEGMENT, IGNORED FOR OVERLAY PROCESS
    SEGMENT: ?PR?OLED_DISPLAY_OFF?OLED
*** WARNING L16: UNCALLED SEGMENT, IGNORED FOR OVERLAY PROCESS
    SEGMENT: ?PR?_OLED_SHOWNUM?OLED
*** WARNING L16: UNCALLED SEGMENT, IGNORED FOR OVERLAY PROCESS
    SEGMENT: ?PR?_OLED_DRAWBMP?OLED
Program Size: data=85.0 xdata=0 code=5992
creating hex file from "black3"...
"black3" - 0 Error(s), 9 Warning(s).
